Arguments: 
  C:\Program Files\nodejs\node.exe C:\Users\rodri\AppData\Roaming\npm\node_modules\yarn\bin\yarn.js init - y

PATH: 
  C:\Users\rodri\Desktop\apps\cmder\vendor\conemu-maximus5\ConEmu\Scripts;C:\Users\rodri\Desktop\apps\cmder\vendor\conemu-maximus5;C:\Users\rodri\Desktop\apps\cmder\vendor\conemu-maximus5\ConEmu;C:\WINDOWS\system32;C:\WINDOWS;C:\WINDOWS\System32\Wbem;C:\WINDOWS\System32\WindowsPowerShell\v1.0\;C:\WINDOWS\System32\OpenSSH\;C:\Program Files\Docker\Docker\resources\bin;C:\ProgramData\DockerDesktop\version-bin;C:\Program Files\Git\cmd;C:\ProgramData\chocolatey\bin;C:\Program Files (x86)\Boxcryptor\bin\;C:\Users\rodri\Desktop\scrcpy-win64-v1.19;C:\Users\rodri\AppData\Roaming\nvm;C:\Program Files\nodejs;C:\Users\rodri\AppData\Local\Microsoft\WindowsApps;C:\Users\rodri\AppData\Local\Programs\Microsoft VS Code\bin;C:\tools\neovim\Neovim\bin;C:\Users\rodri\AppData\Roaming\npm;C:\Users\rodri\AppData\Roaming\nvm;C:\Program Files\nodejs;C:\Program Files\Git\mingw64\bin;C:\Program Files\Git\usr\bin;C:\Users\rodri\Desktop\apps\cmder\vendor\bin;C:\Users\rodri\Desktop\apps\cmder

Yarn version: 
  1.22.11

Node version: 
  16.14.2

Platform: 
  win32 x64

Trace: 
  Error: canceled
      at Interface.<anonymous> (C:\Users\rodri\AppData\Roaming\npm\node_modules\yarn\lib\cli.js:137023:13)
      at Interface.emit (node:events:526:28)
      at Interface._ttyWrite (node:readline:1081:16)
      at ReadStream.onkeypress (node:readline:288:10)
      at ReadStream.emit (node:events:526:28)
      at emitKeys (node:internal/readline/utils:358:14)
      at emitKeys.next (<anonymous>)
      at ReadStream.onData (node:internal/readline/emitKeypressEvents:61:36)
      at ReadStream.emit (node:events:526:28)
      at addChunk (node:internal/streams/readable:315:12)

npm manifest: 
  No manifest

yarn manifest: 
  No manifest

Lockfile: 
  No lockfile
